<html>
<body>
<pre>
<h1>µVision Build Log</h1>
<h2>Tool Versions:</h2>
IDE-Version: µVision V5.17.0.0
Copyright (C) 2015 ARM Ltd and ARM Germany GmbH. All rights reserved.
License Information: Mia Nguyen, Individual, LIC=MPP74-F4Z7F-SY2VA-1JR3I-K5DIW-62T2I
 
Tool Versions:
Toolchain:       MDK-ARM Standard  Version: 5.17
Toolchain Path:  C:\Keil_v5\ARM\ARMCC\Bin
C Compiler:      Armcc.exe V5.06 update 1 (build 61)
Assembler:       Armasm.exe V5.06 update 1 (build 61)
Linker/Locator:  ArmLink.exe V5.06 update 1 (build 61)
Library Manager: ArmAr.exe V5.06 update 1 (build 61)
Hex Converter:   FromElf.exe V5.06 update 1 (build 61)
CPU DLL:         SARMCM3.DLL V5.17
Dialog DLL:      DCM.DLL V1.13.4.0
Target DLL:      STLink\ST-LINKIII-KEIL_SWO.dll V2.0.18.0
Dialog DLL:      TCM.DLL V1.14.6.0
 
<h2>Project:</h2>
H:\2. CODE PRACTICING\3. ARM\1. Practice\0. Sample\Project\Project\Sample.uvprojx
Project File Date:  10/04/2018

<h2>Output:</h2>
*** Using Compiler 'V5.06 update 1 (build 61)', folder: 'C:\Keil_v5\ARM\ARMCC\Bin'
Rebuild target 'Sample'
compiling stm32f10x_it.c...
..\..\Source\stm32f10x_it.c(26): error:  #5: cannot open source input file "delay.h": No such file or directory
  #include "delay.h"
..\..\Source\stm32f10x_it.c: 0 warnings, 1 error
compiling main.c...
..\..\Source\main.c(25): error:  #5: cannot open source input file "delay.h": No such file or directory
  #include "delay.h"
..\..\Source\main.c: 0 warnings, 1 error
compiling stm32f10x_gpio.c...
compiling stm32f10x_rtc.c...
compiling stm32f10x_sdio.c...
compiling stm32f10x_rcc.c...
compiling core_cm3.c...
assembling startup_stm32f10x_md.s...
compiling delay.c...
"no source": Error:  #5: cannot open source input file "..\..\Source\Source_DIY\src\delay.c": No such file or directory
..\..\Source\Source_DIY\src\delay.c: 0 warnings, 1 error
compiling misc.c...
compiling system_stm32f10x.c...
".\Objects\Sample.axf" - 2 Error(s), 0 Warning(s).

<h2>Collection of Component include folders:</h2>
  H:\2. CODE PRACTICING\3. ARM\1. Practice\0. Sample\Project\Project\RTE
  C:\Keil_v5\ARM\PACK\Keil\STM32F1xx_DFP\2.2.0\Device\Include

<h2>Collection of Component Files used:</h2>
Target not created.
Build Time Elapsed:  00:00:03
</pre>
</body>
</html>
